# JRE version: Java(TM) SE Runtime Environment (8.0_11-b12) (build 1.8.0_11-b12)
# Java VM: Java HotSpot(TM) 64-Bit Server VM (25.11-b03 mixed mode windows-amd64 compressed oops)
Heap:
 PSYoungGen      total 9728K, used 5294K [0x00000000eab00000, 0x00000000eb600000, 0x0000000100000000)
  eden space 8192K, 52% used [0x00000000eab00000,0x00000000eaf3d160,0x00000000eb300000)
  from space 1536K, 62% used [0x00000000eb480000,0x00000000eb56ea58,0x00000000eb600000)
  to   space 1536K, 0% used [0x00000000eb300000,0x00000000eb300000,0x00000000eb480000)
 ParOldGen       total 64000K, used 1291K [0x00000000c0000000, 0x00000000c3e80000, 0x00000000eab00000)
  object space 64000K, 2% used [0x00000000c0000000,0x00000000c0142f80,0x00000000c3e80000)
 Metaspace       used 6840K, capacity 6940K, committed 7040K, reserved 1056768K
  class space    used 836K, capacity 888K, committed 896K, reserved 1048576K
GC Heap History (10 events):
Event: 0.188 GC heap before
{Heap before GC invocations=4 (full 0):
 PSYoungGen      total 1536K, used 1534K [0x00000000eab00000, 0x00000000eae00000, 0x0000000100000000)
  eden space 1024K, 99% used [0x00000000eab00000,0x00000000eabff890,0x00000000eac00000)
  from space 512K, 100% used [0x00000000eac00000,0x00000000eac80000,0x00000000eac80000)
  to   space 512K, 0% used [0x00000000ead80000,0x00000000ead80000,0x00000000eae00000)
 ParOldGen       total 64000K, used 310K [0x00000000c0000000, 0x00000000c3e80000, 0x00000000eab00000)
  object space 64000K, 0% used [0x00000000c0000000,0x00000000c004dbc8,0x00000000c3e80000)
 Metaspace       used 3380K, capacity 4836K, committed 5120K, reserved 1056768K
  class space    used 366K, capacity 464K, committed 512K, reserved 1048576K
Event: 0.190 GC heap after
Heap after GC invocations=4 (full 0):
 PSYoungGen      total 2560K, used 496K [0x00000000eab00000, 0x00000000eae00000, 0x0000000100000000)
  eden space 2048K, 0% used [0x00000000eab00000,0x00000000eab00000,0x00000000ead00000)
  from space 512K, 96% used [0x00000000ead80000,0x00000000eadfc010,0x00000000eae00000)
  to   space 512K, 0% used [0x00000000ead00000,0x00000000ead00000,0x00000000ead80000)
 ParOldGen       total 64000K, used 528K [0x00000000c0000000, 0x00000000c3e80000, 0x00000000eab00000)
  object space 64000K, 0% used [0x00000000c0000000,0x00000000c0084338,0x00000000c3e80000)
 Metaspace       used 3380K, capacity 4836K, committed 5120K, reserved 1056768K
  class space    used 366K, capacity 464K, committed 512K, reserved 1048576K
}
Event: 0.254 GC heap before
{Heap before GC invocations=5 (full 0):
 PSYoungGen      total 2560K, used 2544K [0x00000000eab00000, 0x00000000eae00000, 0x0000000100000000)
  eden space 2048K, 100% used [0x00000000eab00000,0x00000000ead00000,0x00000000ead00000)
  from space 512K, 96% used [0x00000000ead80000,0x00000000eadfc010,0x00000000eae00000)
  to   space 512K, 0% used [0x00000000ead00000,0x00000000ead00000,0x00000000ead80000)
 ParOldGen       total 64000K, used 528K [0x00000000c0000000, 0x00000000c3e80000, 0x00000000eab00000)
  object space 64000K, 0% used [0x00000000c0000000,0x00000000c0084338,0x00000000c3e80000)
 Metaspace       used 4267K, capacity 5132K, committed 5248K, reserved 1056768K
  class space    used 484K, capacity 568K, committed 640K, reserved 1048576K
Event: 0.256 GC heap after
Heap after GC invocations=5 (full 0):
 PSYoungGen      total 2560K, used 496K [0x00000000eab00000, 0x00000000eb100000, 0x0000000100000000)
  eden space 2048K, 0% used [0x00000000eab00000,0x00000000eab00000,0x00000000ead00000)
  from space 512K, 96% used [0x00000000ead00000,0x00000000ead7c010,0x00000000ead80000)
  to   space 1024K, 0% used [0x00000000eb000000,0x00000000eb000000,0x00000000eb100000)
 ParOldGen       total 64000K, used 846K [0x00000000c0000000, 0x00000000c3e80000, 0x00000000eab00000)
  object space 64000K, 1% used [0x00000000c0000000,0x00000000c00d3950,0x00000000c3e80000)
 Metaspace       used 4267K, capacity 5132K, committed 5248K, reserved 1056768K
  class space    used 484K, capacity 568K, committed 640K, reserved 1048576K
}
Event: 0.305 GC heap before
{Heap before GC invocations=6 (full 0):
 PSYoungGen      total 2560K, used 2544K [0x00000000eab00000, 0x00000000eb100000, 0x0000000100000000)
  eden space 2048K, 100% used [0x00000000eab00000,0x00000000ead00000,0x00000000ead00000)
  from space 512K, 96% used [0x00000000ead00000,0x00000000ead7c010,0x00000000ead80000)
  to   space 1024K, 0% used [0x00000000eb000000,0x00000000eb000000,0x00000000eb100000)
 ParOldGen       total 64000K, used 846K [0x00000000c0000000, 0x00000000c3e80000, 0x00000000eab00000)
  object space 64000K, 1% used [0x00000000c0000000,0x00000000c00d3950,0x00000000c3e80000)
 Metaspace       used 4733K, capacity 5292K, committed 5504K, reserved 1056768K
  class space    used 542K, capacity 600K, committed 640K, reserved 1048576K
Event: 0.328 GC heap after
Heap after GC invocations=6 (full 0):
 PSYoungGen      total 5120K, used 880K [0x00000000eab00000, 0x00000000eb100000, 0x0000000100000000)
  eden space 4096K, 0% used [0x00000000eab00000,0x00000000eab00000,0x00000000eaf00000)
  from space 1024K, 85% used [0x00000000eb000000,0x00000000eb0dc010,0x00000000eb100000)
  to   space 1024K, 0% used [0x00000000eaf00000,0x00000000eaf00000,0x00000000eb000000)
 ParOldGen       total 64000K, used 854K [0x00000000c0000000, 0x00000000c3e80000, 0x00000000eab00000)
  object space 64000K, 1% used [0x00000000c0000000,0x00000000c00d5950,0x00000000c3e80000)
 Metaspace       used 4733K, capacity 5292K, committed 5504K, reserved 1056768K
  class space    used 542K, capacity 600K, committed 640K, reserved 1048576K
}
Event: 0.409 GC heap before
{Heap before GC invocations=7 (full 0):
 PSYoungGen      total 5120K, used 4976K [0x00000000eab00000, 0x00000000eb100000, 0x0000000100000000)
  eden space 4096K, 100% used [0x00000000eab00000,0x00000000eaf00000,0x00000000eaf00000)
  from space 1024K, 85% used [0x00000000eb000000,0x00000000eb0dc010,0x00000000eb100000)
  to   space 1024K, 0% used [0x00000000eaf00000,0x00000000eaf00000,0x00000000eb000000)
 ParOldGen       total 64000K, used 854K [0x00000000c0000000, 0x00000000c3e80000, 0x00000000eab00000)
  object space 64000K, 1% used [0x00000000c0000000,0x00000000c00d5950,0x00000000c3e80000)
 Metaspace       used 5539K, capacity 5836K, committed 6144K, reserved 1056768K
  class space    used 650K, capacity 696K, committed 768K, reserved 1048576K
Event: 0.412 GC heap after
Heap after GC invocations=7 (full 0):
 PSYoungGen      total 5120K, used 1000K [0x00000000eab00000, 0x00000000eb600000, 0x0000000100000000)
  eden space 4096K, 0% used [0x00000000eab00000,0x00000000eab00000,0x00000000eaf00000)
  from space 1024K, 97% used [0x00000000eaf00000,0x00000000eaffa030,0x00000000eb000000)
  to   space 1536K, 0% used [0x00000000eb480000,0x00000000eb480000,0x00000000eb600000)
 ParOldGen       total 64000K, used 1115K [0x00000000c0000000, 0x00000000c3e80000, 0x00000000eab00000)
  object space 64000K, 1% used [0x00000000c0000000,0x00000000c0116f80,0x00000000c3e80000)
 Metaspace       used 5539K, capacity 5836K, committed 6144K, reserved 1056768K
  class space    used 650K, capacity 696K, committed 768K, reserved 1048576K
}
Event: 0.480 GC heap before
{Heap before GC invocations=8 (full 0):
 PSYoungGen      total 5120K, used 5096K [0x00000000eab00000, 0x00000000eb600000, 0x0000000100000000)
  eden space 4096K, 100% used [0x00000000eab00000,0x00000000eaf00000,0x00000000eaf00000)
  from space 1024K, 97% used [0x00000000eaf00000,0x00000000eaffa030,0x00000000eb000000)
  to   space 1536K, 0% used [0x00000000eb480000,0x00000000eb480000,0x00000000eb600000)
 ParOldGen       total 64000K, used 1115K [0x00000000c0000000, 0x00000000c3e80000, 0x00000000eab00000)
  object space 64000K, 1% used [0x00000000c0000000,0x00000000c0116f80,0x00000000c3e80000)
 Metaspace       used 6166K, capacity 6316K, committed 6528K, reserved 1056768K
  class space    used 744K, capacity 792K, committed 896K, reserved 1048576K
Event: 0.482 GC heap after
Heap after GC invocations=8 (full 0):
 PSYoungGen      total 9728K, used 954K [0x00000000eab00000, 0x00000000eb600000, 0x0000000100000000)
  eden space 8192K, 0% used [0x00000000eab00000,0x00000000eab00000,0x00000000eb300000)
  from space 1536K, 62% used [0x00000000eb480000,0x00000000eb56ea58,0x00000000eb600000)
  to   space 1536K, 0% used [0x00000000eb300000,0x00000000eb300000,0x00000000eb480000)
 ParOldGen       total 64000K, used 1291K [0x00000000c0000000, 0x00000000c3e80000, 0x00000000eab00000)
  object space 64000K, 2% used [0x00000000c0000000,0x00000000c0142f80,0x00000000c3e80000)
 Metaspace       used 6166K, capacity 6316K, committed 6528K, reserved 1056768K
  class space    used 744K, capacity 792K, committed 896K, reserved 1048576K
}

